2013/3/23 2:36:25.990266 [PID:9046] - -------------------------------- 
2013/3/23 2:36:25.990504 [PID:9046] - Main process started. 
2013/3/23 2:36:25.990577 [PID:9046] - k( producer_count ) = v( 4 ) 
2013/3/23 2:36:25.990626 [PID:9046] - k( producer_lifetime ) = v( 20 ) 
2013/3/23 2:36:25.990670 [PID:9046] - k( consumer_count ) = v( 20 ) 
2013/3/23 2:36:25.990712 [PID:9046] - k( main_process_lifetime ) = v( 30 ) 
2013/3/23 2:36:25.990755 [PID:9046] - Configuration data loaded. 
2013/3/23 2:36:25.990802 [PID:9046] - Configuration data released. 
2013/3/23 2:36:25.991721 [PID:9047] - Producer process started. 
2013/3/23 2:36:25.991937 [PID:9048] - Producer process started. 
2013/3/23 2:36:25.992159 [PID:9049] - Producer process started. 
2013/3/23 2:36:25.992656 [PID:9050] - Producer process started. 
2013/3/23 2:36:25.993166 [PID:9053] - Consumer process started. 
2013/3/23 2:36:25.993393 [PID:9054] - Consumer process started. 
2013/3/23 2:36:25.993589 [PID:9052] - Consumer process started. 
2013/3/23 2:36:25.993832 [PID:9051] - Consumer process started. 
2013/3/23 2:36:25.994087 [PID:9055] - Consumer process started. 
2013/3/23 2:36:25.994995 [PID:9058] - Consumer process started. 
2013/3/23 2:36:25.995203 [PID:9057] - Consumer process started. 
2013/3/23 2:36:25.995434 [PID:9059] - Consumer process started. 
2013/3/23 2:36:25.995926 [PID:9061] - Consumer process started. 
2013/3/23 2:36:25.996147 [PID:9056] - Consumer process started. 
2013/3/23 2:36:25.996373 [PID:9063] - Consumer process started. 
2013/3/23 2:36:25.996741 [PID:9064] - Consumer process started. 
2013/3/23 2:36:25.996994 [PID:9065] - Consumer process started. 
2013/3/23 2:36:25.997212 [PID:9062] - Consumer process started. 
2013/3/23 2:36:25.997425 [PID:9066] - Consumer process started. 
2013/3/23 2:36:25.998038 [PID:9069] - Consumer process started. 
2013/3/23 2:36:25.998265 [PID:9067] - Consumer process started. 
2013/3/23 2:36:25.998476 [PID:9068] - Consumer process started. 
2013/3/23 2:36:25.998992 [PID:9071] - Controller process started. 
2013/3/23 2:36:25.999193 [PID:9060] - Consumer process started. 
2013/3/23 2:36:25.999391 [PID:9070] - Consumer process started. 
2013/3/23 2:36:26.992235 [PID:9048] - Producer: t[G]   0->  1. 
2013/3/23 2:36:26.992299 [PID:9053] - Consumer: t[G]   1->  0. 
2013/3/23 2:36:27.992921 [PID:9050] - Producer: t[W]   0->  1. 
2013/3/23 2:36:27.992979 [PID:9054] - Consumer: t[W]   1->  0. 
2013/3/23 2:36:28.992017 [PID:9047] - Producer: t[S]   0->  1. 
2013/3/23 2:36:28.992098 [PID:9052] - Consumer: t[S]   1->  0. 
2013/3/23 2:36:28.992364 [PID:9048] - Producer: t[G]   0->  1. 
2013/3/23 2:36:28.992420 [PID:9051] - Consumer: t[G]   1->  0. 
2013/3/23 2:36:28.992483 [PID:9048] - Producer: t[S]   0->  1. 
2013/3/23 2:36:28.992524 [PID:9049] - Producer: t[F]   1->  2. 
2013/3/23 2:36:28.992578 [PID:9058] - Consumer: t[F]   2->  1. 
2013/3/23 2:36:28.992637 [PID:9055] - Consumer: t[S]   1->  0. 
2013/3/23 2:36:29.992150 [PID:9047] - Producer: t[Q]   0->  1. 
2013/3/23 2:36:29.992220 [PID:9057] - Consumer: t[Q]   1->  0. 
2013/3/23 2:36:29.993040 [PID:9050] - Producer: t[U]   0->  1. 
2013/3/23 2:36:29.993090 [PID:9059] - Consumer: t[U]   1->  0. 
2013/3/23 2:36:29.993136 [PID:9050] - Producer: t[Q]   0->  1. 
2013/3/23 2:36:29.993198 [PID:9061] - Consumer: t[Q]   1->  0. 
2013/3/23 2:36:30.992251 [PID:9047] - Producer: t[Z]   0->  1. 
2013/3/23 2:36:30.992312 [PID:9056] - Consumer: t[Z]   1->  0. 
2013/3/23 2:36:30.992674 [PID:9049] - Producer: t[K]   0->  1. 
2013/3/23 2:36:30.992735 [PID:9063] - Consumer: t[K]   1->  0. 
2013/3/23 2:36:30.992781 [PID:9049] - Producer: t[D]   0->  1. 
2013/3/23 2:36:30.992836 [PID:9064] - Consumer: t[D]   1->  0. 
2013/3/23 2:36:31.992588 [PID:9048] - Producer: t[E]   0->  1. 
2013/3/23 2:36:31.992639 [PID:9065] - Consumer: t[E]   1->  0. 
2013/3/23 2:36:32.992693 [PID:9048] - Producer: t[D]   0->  1. 
2013/3/23 2:36:32.992743 [PID:9062] - Consumer: t[D]   1->  0. 
2013/3/23 2:36:32.993257 [PID:9050] - Producer: t[M]   0->  1. 
2013/3/23 2:36:32.993306 [PID:9066] - Consumer: t[M]   1->  0. 
2013/3/23 2:36:33.992361 [PID:9047] - Producer: t[V]   0->  1. 
2013/3/23 2:36:33.992421 [PID:9069] - Consumer: t[V]   1->  0. 
2013/3/23 2:36:33.992488 [PID:9047] - Producer: t[W]   0->  1. 
2013/3/23 2:36:33.992526 [PID:9067] - Consumer: t[W]   1->  0. 
2013/3/23 2:36:33.992891 [PID:9049] - Producer: t[A]   0->  1. 
2013/3/23 2:36:33.992937 [PID:9068] - Consumer: t[A]   1->  0. 
2013/3/23 2:36:33.993363 [PID:9050] - Producer: t[W]   0->  1. 
2013/3/23 2:36:33.993409 [PID:9060] - Consumer: t[W]   1->  0. 
2013/3/23 2:36:34.992789 [PID:9048] - Producer: t[M]   0->  1. 
2013/3/23 2:36:34.992845 [PID:9070] - Consumer: t[M]   1->  0. 
2013/3/23 2:36:35.992900 [PID:9048] - Producer: t[H]   0->  1. 
2013/3/23 2:36:35.992958 [PID:9053] - Consumer: t[H]   1->  0. 
2013/3/23 2:36:35.993245 [PID:9049] - Producer: t[Y]   0->  1. 
2013/3/23 2:36:35.993310 [PID:9054] - Consumer: t[Y]   1->  0. 
2013/3/23 2:36:36.992583 [PID:9047] - Producer: t[H]   0->  1. 
2013/3/23 2:36:36.992642 [PID:9052] - Consumer: t[H]   1->  0. 
2013/3/23 2:36:36.993460 [PID:9050] - Producer: t[H]   0->  1. 
2013/3/23 2:36:36.993509 [PID:9051] - Consumer: t[H]   1->  0. 
2013/3/23 2:36:36.993556 [PID:9050] - Producer: t[E]   0->  1. 
2013/3/23 2:36:36.993613 [PID:9058] - Consumer: t[E]   1->  0. 
2013/3/23 2:36:37.992685 [PID:9047] - Producer: t[L]   0->  1. 
2013/3/23 2:36:37.992735 [PID:9055] - Consumer: t[L]   1->  0. 
2013/3/23 2:36:37.993015 [PID:9048] - Producer: t[Y]   0->  1. 
2013/3/23 2:36:37.993067 [PID:9057] - Consumer: t[Y]   1->  0. 
2013/3/23 2:36:38.993149 [PID:9048] - Producer: t[D]   0->  1. 
2013/3/23 2:36:38.993231 [PID:9059] - Consumer: t[D]   1->  0. 
2013/3/23 2:36:38.993302 [PID:9048] - Producer: t[Y]   0->  1. 
2013/3/23 2:36:38.993339 [PID:9061] - Consumer: t[Y]   1->  0. 
2013/3/23 2:36:38.993428 [PID:9049] - Producer: t[I]   0->  1. 
2013/3/23 2:36:38.993454 [PID:9049] - Producer: t[H]   1->  2. 
2013/3/23 2:36:38.993480 [PID:9063] - Consumer: t[H]   2->  1. 
2013/3/23 2:36:38.993530 [PID:9056] - Consumer: t[I]   1->  0. 
2013/3/23 2:36:39.993673 [PID:9050] - Producer: t[E]   0->  1. 
2013/3/23 2:36:39.993721 [PID:9064] - Consumer: t[E]   1->  0. 
2013/3/23 2:36:40.992764 [PID:9047] - Producer: t[D]   0->  1. 
2013/3/23 2:36:40.992830 [PID:9065] - Consumer: t[D]   1->  0. 
2013/3/23 2:36:40.993529 [PID:9049] - Producer: t[P]   0->  1. 
2013/3/23 2:36:40.993567 [PID:9062] - Consumer: t[P]   1->  0. 
2013/3/23 2:36:41.993395 [PID:9048] - Producer: t[U]   0->  1. 
2013/3/23 2:36:41.993437 [PID:9066] - Consumer: t[U]   1->  0. 
2013/3/23 2:36:42.992894 [PID:9047] - Producer: t[B]   0->  1. 
2013/3/23 2:36:42.992953 [PID:9069] - Consumer: t[B]   1->  0. 
2013/3/23 2:36:42.992998 [PID:9047] - Producer: t[S]   0->  1. 
2013/3/23 2:36:42.993039 [PID:9067] - Consumer: t[S]   1->  0. 
2013/3/23 2:36:42.993775 [PID:9050] - Producer: t[L]   0->  1. 
2013/3/23 2:36:42.993811 [PID:9068] - Consumer: t[L]   1->  0. 
2013/3/23 2:36:43.993492 [PID:9048] - Producer: t[B]   0->  1. 
2013/3/23 2:36:43.993530 [PID:9060] - Consumer: t[B]   1->  0. 
2013/3/23 2:36:43.993590 [PID:9048] - Producer: t[D]   0->  1. 
2013/3/23 2:36:43.993625 [PID:9070] - Consumer: t[D]   1->  0. 
2013/3/23 2:36:43.993681 [PID:9049] - Producer: t[D]   0->  1. 
2013/3/23 2:36:43.993717 [PID:9053] - Consumer: t[D]   1->  0. 
2013/3/23 2:36:43.993870 [PID:9050] - Producer: t[W]   0->  1. 
2013/3/23 2:36:43.993905 [PID:9054] - Consumer: t[W]   1->  0. 
2013/3/23 2:36:44.993668 [PID:9048] - Producer: t[L]   0->  1. 
2013/3/23 2:36:44.993711 [PID:9052] - Consumer: t[L]   1->  0. 
2013/3/23 2:36:44.993962 [PID:9050] - Producer: t[F]   0->  1. 
2013/3/23 2:36:44.993998 [PID:9051] - Consumer: t[F]   1->  0. 
2013/3/23 2:36:45.993085 [PID:9047] - Producer: t[P]   0->  1. 
2013/3/23 2:36:45.993152 [PID:9047] - Producer: t[B]   1->  2. 
2013/3/23 2:36:45.993653 [PID:9047] - Producer: t[H]   2->  3. 
2013/3/23 2:36:45.993680 [PID:9058] - Consumer: t[H]   3->  2. 
2013/3/23 2:36:45.993722 [PID:9047] - Producer: t[V]   2->  3. 
2013/3/23 2:36:45.993762 [PID:9059] - Consumer: t[V]   3->  2. 
2013/3/23 2:36:45.993852 [PID:9055] - Consumer: t[B]   2->  1. 
2013/3/23 2:36:45.993893 [PID:9057] - Consumer: t[P]   1->  0. 
2013/3/23 2:36:46.993771 [PID:9048] - Producer: t[F]   0->  1. 
2013/3/23 2:36:46.993810 [PID:9049] - Producer: t[W]   1->  2. 
2013/3/23 2:36:46.994008 [PID:9061] - Consumer: t[W]   2->  1. 
2013/3/23 2:36:46.994059 [PID:9046] - Process [PID:9048] exitid with status: 0 
2013/3/23 2:36:46.994098 [PID:9063] - Consumer: t[F]   1->  0. 
2013/3/23 2:36:46.994151 [PID:9046] - Process [PID:9049] exitid with status: 0 
2013/3/23 2:36:46.994185 [PID:9050] - Producer: t[U]   0->  1. 
2013/3/23 2:36:46.994218 [PID:9056] - Consumer: t[U]   1->  0. 
2013/3/23 2:36:46.994328 [PID:9046] - Process [PID:9050] exitid with status: 0 
2013/3/23 2:36:47.993792 [PID:9047] - Producer: t[N]   0->  1. 
2013/3/23 2:36:47.993848 [PID:9064] - Consumer: t[N]   1->  0. 
2013/3/23 2:36:47.994011 [PID:9046] - Process [PID:9047] exitid with status: 0 
2013/3/23 2:37:0.999715 [PID:9046] - Process [PID:9052] exitid with status: 9 
2013/3/23 2:37:0.999894 [PID:9046] - Process [PID:9051] exitid with status: 9 
2013/3/23 2:37:0.999934 [PID:9046] - Process [PID:9053] exitid with status: 9 
2013/3/23 2:37:0.999978 [PID:9046] - Process [PID:9054] exitid with status: 9 
2013/3/23 2:37:1.142 [PID:9046] - Process [PID:9055] exitid with status: 9 
2013/3/23 2:37:1.174 [PID:9046] - Process [PID:9058] exitid with status: 9 
2013/3/23 2:37:1.266 [PID:9046] - Process [PID:9057] exitid with status: 9 
2013/3/23 2:37:1.369 [PID:9046] - Process [PID:9059] exitid with status: 9 
2013/3/23 2:37:1.478 [PID:9046] - Process [PID:9056] exitid with status: 9 
2013/3/23 2:37:1.589 [PID:9046] - Process [PID:9061] exitid with status: 9 
2013/3/23 2:37:1.617 [PID:9046] - Process [PID:9064] exitid with status: 9 
2013/3/23 2:37:1.697 [PID:9046] - Process [PID:9063] exitid with status: 9 
2013/3/23 2:37:1.773 [PID:9046] - Process [PID:9062] exitid with status: 9 
2013/3/23 2:37:1.802 [PID:9046] - Process [PID:9065] exitid with status: 9 
2013/3/23 2:37:1.879 [PID:9046] - Process [PID:9066] exitid with status: 9 
2013/3/23 2:37:1.991 [PID:9046] - Process [PID:9067] exitid with status: 9 
2013/3/23 2:37:1.1018 [PID:9046] - Process [PID:9069] exitid with status: 9 
2013/3/23 2:37:1.1134 [PID:9046] - Process [PID:9060] exitid with status: 9 
2013/3/23 2:37:1.1170 [PID:9046] - Process [PID:9071] exitid with status: 0 
2013/3/23 2:37:1.1242 [PID:9046] - Process [PID:9068] exitid with status: 9 
2013/3/23 2:37:1.1278 [PID:9046] - Process [PID:9070] exitid with status: 9 
2013/3/23 2:37:1.1295 [PID:9046] - Main process is being closed. 
2013/3/23 2:37:1.1309 [PID:9046] - Shared buffer is destroyed. 
