2013/4/15 0:50:23.698478 [PID:8087] - -------------------------------- 
2013/4/15 0:50:23.698701 [PID:8087] - Main process started. 
2013/4/15 0:50:23.698774 [PID:8087] - k( producer_count ) = v( 1 ) 
2013/4/15 0:50:23.698807 [PID:8087] - k( producer_lifetime ) = v( 10 ) 
2013/4/15 0:50:23.698843 [PID:8087] - k( consumer_count ) = v( 1 ) 
2013/4/15 0:50:23.698877 [PID:8087] - k( main_process_lifetime ) = v( 11 ) 
2013/4/15 0:50:23.698920 [PID:8087] - Configuration data loaded. 
2013/4/15 0:50:23.698966 [PID:8087] - Configuration data released. 
2013/4/15 0:50:23.698996 [PID:8087] - Fetching available process count of system. 
2013/4/15 0:50:23.717244 [PID:8087] - Shared buffer is created and initialized. 
2013/4/15 0:50:23.717845 [PID:8094] - Producer process started. 
2013/4/15 0:50:23.717988 [PID:8094] - 0 
2013/4/15 0:50:23.718032 [PID:8094] - 1 
2013/4/15 0:50:23.718064 [PID:8094] - 2 
2013/4/15 0:50:23.718100 [PID:8094] - 3 
2013/4/15 0:50:23.718134 [PID:8094] - 4 
2013/4/15 0:50:23.718162 [PID:8096] - Controller process started. 
2013/4/15 0:50:23.718297 [PID:8094] - 5 
2013/4/15 0:50:23.718339 [PID:8095] - Consumer process started. 
2013/4/15 0:50:23.748765 [PID:8094] - 6 
2013/4/15 0:50:23.748791 [PID:8094] - 7 
2013/4/15 0:50:23.748822 [PID:8094] - 1 
2013/4/15 0:50:23.748840 [PID:8094] - 16094 
2013/4/15 0:50:23.837020 [PID:8087] - Process [PID:8094] exitid with status: 139 
2013/4/15 0:50:38.718503 [PID:8095] - consumer got signal. 
2013/4/15 0:50:38.718716 [PID:8087] - Process [PID:8095] exitid with status: 15 
2013/4/15 0:50:40.718771 [PID:8087] - Process [PID:8096] exitid with status: 0 
2013/4/15 0:50:40.718817 [PID:8087] - Main process is being closed. 
2013/4/15 0:50:40.718833 [PID:8087] - Shared buffer is destroyed. 
2013/4/15 0:51:54.993040 [PID:8101] - -------------------------------- 
2013/4/15 0:51:54.993233 [PID:8101] - Main process started. 
2013/4/15 0:51:54.993276 [PID:8101] - k( producer_count ) = v( 1 ) 
2013/4/15 0:51:54.993295 [PID:8101] - k( producer_lifetime ) = v( 10 ) 
2013/4/15 0:51:54.993315 [PID:8101] - k( consumer_count ) = v( 1 ) 
2013/4/15 0:51:54.993332 [PID:8101] - k( main_process_lifetime ) = v( 11 ) 
2013/4/15 0:51:54.993358 [PID:8101] - Configuration data loaded. 
2013/4/15 0:51:54.993388 [PID:8101] - Configuration data released. 
2013/4/15 0:51:54.993404 [PID:8101] - Fetching available process count of system. 
2013/4/15 0:51:55.14809 [PID:8101] - Shared buffer is created and initialized. 
2013/4/15 0:51:55.15576 [PID:8108] - Producer process started. 
2013/4/15 0:51:55.15788 [PID:8108] - 0 
2013/4/15 0:51:55.15855 [PID:8109] - Consumer process started. 
2013/4/15 0:51:55.16039 [PID:8110] - Controller process started. 
2013/4/15 0:51:55.16266 [PID:8108] - 1 
2013/4/15 0:51:55.16306 [PID:8108] - 2 
2013/4/15 0:51:55.16341 [PID:8108] - 3 
2013/4/15 0:51:55.16372 [PID:8108] - 4 
2013/4/15 0:51:55.16465 [PID:8108] - 5 
2013/4/15 0:51:55.39175 [PID:8108] - 6 
2013/4/15 0:51:55.39199 [PID:8108] - 7 
2013/4/15 0:51:55.39240 [PID:8108] - 2 
2013/4/15 0:51:55.39270 [PID:8108] - 10910 
2013/4/15 8:43:39.704502 [PID:8770] - -------------------------------- 
2013/4/15 8:43:39.704642 [PID:8770] - Main process started. 
2013/4/15 8:43:39.704678 [PID:8770] - k( producer_count ) = v( 1 ) 
2013/4/15 8:43:39.704692 [PID:8770] - k( producer_lifetime ) = v( 10 ) 
2013/4/15 8:43:39.704706 [PID:8770] - k( consumer_count ) = v( 1 ) 
2013/4/15 8:43:39.704717 [PID:8770] - k( main_process_lifetime ) = v( 11 ) 
2013/4/15 8:43:39.704735 [PID:8770] - Configuration data loaded. 
2013/4/15 8:43:39.704756 [PID:8770] - Configuration data released. 
2013/4/15 8:43:39.704767 [PID:8770] - Fetching available process count of system. 
2013/4/15 8:43:39.723651 [PID:8770] - Shared buffer is created and initialized. 
2013/4/15 8:43:39.724555 [PID:8778] - Consumer process started. 
2013/4/15 8:43:39.724707 [PID:8779] - Controller process started. 
2013/4/15 8:43:39.724852 [PID:8777] - Producer process started. 
2013/4/15 8:43:39.725087 [PID:8777] - 0 
2013/4/15 8:43:39.725126 [PID:8777] - 1 
2013/4/15 8:43:39.725156 [PID:8777] - 2 
2013/4/15 8:43:39.725205 [PID:8777] - 3 
2013/4/15 8:43:39.725237 [PID:8777] - 4 
2013/4/15 8:43:39.725429 [PID:8777] - 5 
2013/4/15 8:43:39.753173 [PID:8777] - 6 
2013/4/15 8:43:39.753207 [PID:8777] - 7 
2013/4/15 8:43:39.753226 [PID:8777] - 0 
2013/4/15 8:43:39.753256 [PID:8777] - 13254 
2013/4/15 8:43:39.842664 [PID:8770] - Process [PID:8777] exitid with status: 139 
